#
# A fatal error has been detected by the Java Runtime Environment:
#
#  EXCEPTION_ACCESS_VIOLATION (0xc0000005) at pc=0x00007ff820b4c8ce, pid=13172, tid=12560
#
# JRE version: OpenJDK Runtime Environment Temurin-17.0.6+10 (17.0.6+10) (build 17.0.6+10)
# Java VM: OpenJDK 64-Bit Server VM Temurin-17.0.6+10 (17.0.6+10, mixed mode, tiered, compressed oops, compressed class ptrs, parallel gc, windows-amd64)
# Problematic frame:
# V  [jvm.dll+0xc8ce]
#
# No core dump will be written. Minidumps are not enabled by default on client versions of Windows
#
# If you would like to submit a bug report, please visit:
#   https://github.com/adoptium/adoptium-support/issues
#

---------------  S U M M A R Y ------------

Command Line: --add-modules=ALL-SYSTEM --add-opens=java.base/java.util=ALL-UNNAMED --add-opens=java.base/java.lang=ALL-UNNAMED --add-opens=java.base/sun.nio.fs=ALL-UNNAMED -Declipse.application=org.eclipse.jdt.ls.core.id1 -Dosgi.bundles.defaultStartLevel=4 -Declipse.product=org.eclipse.jdt.ls.core.product -Djava.import.generatesMetadataFilesAtProjectRoot=false -Dfile.encoding=utf8 -XX:+UseParallelGC -XX:GCTimeRatio=4 -XX:AdaptiveSizePolicyWeight=90 -Dsun.zip.disableMemoryMapping=true -Xmx1G -Xms100m -Xlog:disable -javaagent:c:\Users\carlos m rios\.vscode\extensions\redhat.java-1.16.0-win32-x64\lombok\lombok-1.18.24.jar -XX:+HeapDumpOnOutOfMemoryError -XX:HeapDumpPath=c:\Users\carlos m rios\AppData\Roaming\Code\User\workspaceStorage\68c4cc7567118e274035dfd6b4c39cb1\redhat.java c:\Users\carlos m rios\.vscode\extensions\redhat.java-1.16.0-win32-x64\server\plugins\org.eclipse.equinox.launcher_1.6.400.v20210924-0641.jar -configuration c:\Users\carlos m rios\AppData\Roaming\Code\User\globalStorage\redhat.java\1.16.0\config_win -data c:\Users\carlos m rios\AppData\Roaming\Code\User\workspaceStorage\68c4cc7567118e274035dfd6b4c39cb1\redhat.java\jdt_ws

Host: AMD Ryzen 3 3250U with Radeon Graphics         , 4 cores, 5G,  Windows 11 , 64 bit Build 26100 (10.0.26100.2454)
Time: Fri Mar 14 15:44:19 2025 Hora est. Pacífico, Sudamérica elapsed time: 4403.283963 seconds (0d 1h 13m 23s)

---------------  T H R E A D  ---------------

Current thread (0x000001df52f1a730):  GCTaskThread "GC Thread#3" [stack: 0x0000003c02200000,0x0000003c02300000] [id=12560]

Stack: [0x0000003c02200000,0x0000003c02300000],  sp=0x0000003c022ff5f8,  free space=1021k
Native frames: (J=compiled Java code, j=interpreted, Vv=VM code, C=native code)
V  [jvm.dll+0xc8ce]


siginfo: EXCEPTION_ACCESS_VIOLATION (0xc0000005), reading address 0x00000000e2b1b0e8


Register to memory mapping:

RIP=0x00007ff820b4c8ce jvm.dll
RAX=0x0000000000000001 is an unknown value
RBX=0x00000000e2b1b0e0 is an unallocated location in the heap
RCX=0x00000000e2b1b0e0 is an unallocated location in the heap
RDX=0x00000000e2b1b0e0 is an unallocated location in the heap
RSP=0x0000003c022ff5f8 points into unknown readable memory: 0x00007ff8211e9e38 | 38 9e 1e 21 f8 7f 00 00
RBP=0x000001df50c08830 points into unknown readable memory: 0x000001df3ac50150 | 50 01 c5 3a df 01 00 00
RSI=0x0000000000000013 is an unknown value
RDI=0x00000000c72f3978 is pointing into object: [[C 
{0x00000000c72aa990} - klass: {type array char}[]
 - length: 221181
R8 =0x00000000001158d8 is an unknown value
R9 =0x0000000000008fe4 is an unknown value
R10=0x00000000c6b618d8 is an oop: [C 
{0x00000000c6b618d8} - klass: {type array char}
 - length: 66
R11=0x00000000000000d6 is an unknown value
R12=0x0 is NULL
R13=0x0000000000000010 is an unknown value
R14=0x00000000c72f49a0 is pointing into object: [[C 
{0x00000000c72aa990} - klass: {type array char}[]
 - length: 221181
R15=0x00007ff821653760 jvm.dll


Registers:
RAX=0x0000000000000001, RBX=0x00000000e2b1b0e0, RCX=0x00000000e2b1b0e0, RDX=0x00000000e2b1b0e0
RSP=0x0000003c022ff5f8, RBP=0x000001df50c08830, RSI=0x0000000000000013, RDI=0x00000000c72f3978
R8 =0x00000000001158d8, R9 =0x0000000000008fe4, R10=0x00000000c6b618d8, R11=0x00000000000000d6
R12=0x0000000000000000, R13=0x0000000000000010, R14=0x00000000c72f49a0, R15=0x00007ff821653760
RIP=0x00007ff820b4c8ce, EFLAGS=0x0000000000010202

Top of Stack: (sp=0x0000003c022ff5f8)
0x0000003c022ff5f8:   00007ff8211e9e38 00000000c6b618d8
0x0000003c022ff608:   00000000c72f3970 00007ff821653760
0x0000003c022ff618:   00007ff82145a850 00007ff82145a850
0x0000003c022ff628:   00007ff8211ea2c2 000001df50c08830
0x0000003c022ff638:   0000003c022ff699 00007ff8214ef468
0x0000003c022ff648:   00000000000000cc 00000698000000cc
0x0000003c022ff658:   00007ff8211e933f 00000000c72aa990
0x0000003c022ff668:   00007ff800012000 00000000c01b4bbc
0x0000003c022ff678:   00007ff8211e9e6e 00000000c01f56e8
0x0000003c022ff688:   00000000c01b4c04 00007ff82145a850
0x0000003c022ff698:   000001df3c630010 0000000000000003
0x0000003c022ff6a8:   000001df50c08830 0000000000000000
0x0000003c022ff6b8:   0000000000000000 0000000000000002
0x0000003c022ff6c8:   00000000c72ae9a0 0000003c013fef68
0x0000003c022ff6d8:   00000000c72ae9a0 000000000000000c
0x0000003c022ff6e8:   00000000c67353e0 000001df50c08830 

Instructions: (pc=0x00007ff820b4c8ce)
0x00007ff820b4c7ce:   8a 90 09 00 00 48 8b d7 e8 45 a0 6f 00 48 8b 7c
0x00007ff820b4c7de:   24 30 48 8b c3 48 8b 5c 24 38 48 83 c4 20 5e c3
0x00007ff820b4c7ee:   cc cc 48 8b 01 c3 cc cc cc cc cc cc cc cc cc cc
0x00007ff820b4c7fe:   cc cc 4c 8b 01 4c 8b c9 48 8b 0d 03 d4 b4 00 ba
0x00007ff820b4c80e:   44 60 08 00 e9 59 f2 ff ff cc cc cc cc cc cc cc
0x00007ff820b4c81e:   cc cc 48 89 5c 24 08 57 48 83 ec 20 48 8b 39 48
0x00007ff820b4c82e:   8b d9 48 85 3d e1 b1 b9 00 75 0e 48 8b c7 48 8b
0x00007ff820b4c83e:   5c 24 30 48 83 c4 20 5f c3 48 8b cf e8 81 8a 85
0x00007ff820b4c84e:   00 48 8b d0 48 85 c0 74 20 48 8b c7 f0 48 0f b1
0x00007ff820b4c85e:   13 74 16 48 85 05 b0 b1 b9 00 74 0d 48 8b c8 f0
0x00007ff820b4c86e:   48 0f b1 13 48 3b c1 75 ea 48 8b 5c 24 30 48 8b
0x00007ff820b4c87e:   c2 48 83 c4 20 5f c3 cc cc cc cc cc cc cc cc cc
0x00007ff820b4c88e:   cc cc 4c 8b 01 4c 8b c9 48 8b 0d 73 d3 b4 00 ba
0x00007ff820b4c89e:   64 60 08 00 e9 c9 f1 ff ff cc cc cc cc cc cc cc
0x00007ff820b4c8ae:   cc cc 8b 05 32 1a af 00 c3 cc cc cc cc cc cc cc
0x00007ff820b4c8be:   cc cc 0f b6 05 b8 db b5 00 48 8b d1 84 c0 74 16
0x00007ff820b4c8ce:   44 8b 41 08 8b 0d 10 1a af 00 49 d3 e0 4c 03 05
0x00007ff820b4c8de:   fe 19 af 00 eb 04 4c 8b 41 08 45 8b 50 08 45 85
0x00007ff820b4c8ee:   d2 7e 0e 41 f6 c2 01 75 53 41 c1 fa 03 41 8b c2
0x00007ff820b4c8fe:   c3 79 49 84 c0 b9 10 00 00 00 8b 05 16 29 af 00
0x00007ff820b4c90e:   41 b8 0c 00 00 00 41 0f 45 c8 ff c8 4c 63 c8 48
0x00007ff820b4c91e:   63 14 11 41 8b ca 83 e1 3f 48 d3 e2 41 8b ca 48
0x00007ff820b4c92e:   c1 f9 10 0f b6 c1 49 8d 0c 11 49 f7 d1 48 03 c1
0x00007ff820b4c93e:   49 c1 e9 03 48 c1 e8 03 41 23 c1 c3 49 8b 00 49
0x00007ff820b4c94e:   8b c8 48 ff a0 00 01 00 00 cc cc cc cc cc cc cc
0x00007ff820b4c95e:   cc cc 8b 44 24 30 45 03 c9 44 2b 4c 24 28 83 c0
0x00007ff820b4c96e:   0b 44 03 ca 45 03 c8 41 03 c1 c3 cc cc cc cc cc
0x00007ff820b4c97e:   cc cc 4c 8b ca 48 8b d1 45 8b 41 08 45 85 c0 7e
0x00007ff820b4c98e:   0e 41 f6 c0 01 75 56 41 c1 f8 03 41 8b c0 c3 79
0x00007ff820b4c99e:   4c 80 3d d9 da b5 00 00 b8 0c 00 00 00 b9 10 00
0x00007ff820b4c9ae:   00 00 0f 45 c8 8b 05 6b 28 af 00 ff c8 4c 63 c8
0x00007ff820b4c9be:   48 63 14 11 41 8b c8 83 e1 3f 48 d3 e2 41 8b c8 


Stack slot to memory mapping:
stack at sp + 0 slots: 0x00007ff8211e9e38 jvm.dll
stack at sp + 1 slots: 0x00000000c6b618d8 is an oop: [C 
{0x00000000c6b618d8} - klass: {type array char}
 - length: 66
stack at sp + 2 slots: 0x00000000c72f3970 is pointing into object: [[C 
{0x00000000c72aa990} - klass: {type array char}[]
 - length: 221181
stack at sp + 3 slots: 0x00007ff821653760 jvm.dll
stack at sp + 4 slots: 0x00007ff82145a850 jvm.dll
stack at sp + 5 slots: 0x00007ff82145a850 jvm.dll
stack at sp + 6 slots: 0x00007ff8211ea2c2 jvm.dll
stack at sp + 7 slots: 0x000001df50c08830 points into unknown readable memory: 0x000001df3ac50150 | 50 01 c5 3a df 01 00 00


---------------  P R O C E S S  ---------------

Threads class SMR info:
_java_thread_list=0x000001df59a13080, length=32, elements={
0x000001df3c6161a0, 0x000001df50c85030, 0x000001df50c872a0, 0x000001df50cb4f10,
0x000001df50cb57d0, 0x000001df50cb6090, 0x000001df50cb8960, 0x000001df50cb9550,
0x000001df52732810, 0x000001df5275d0c0, 0x000001df3c67abc0, 0x000001df52a0e880,
0x000001df52fb01b0, 0x000001df52ff1590, 0x000001df53024a50, 0x000001df5303f390,
0x000001df532ada30, 0x000001df5309de90, 0x000001df5309d4f0, 0x000001df530a0eb0,
0x000001df530a0510, 0x000001df530a0040, 0x000001df5652d5f0, 0x000001df56534970,
0x000001df5652fc70, 0x000001df56530fb0, 0x000001df5652df90, 0x000001df565344a0,
0x000001df56531e20, 0x000001df56532c90, 0x000001df56533160, 0x000001df56533b00
}

Java Threads: ( => current thread )
  0x000001df3c6161a0 JavaThread "main" [_thread_blocked, id=13220, stack(0x0000003c01100000,0x0000003c01200000)]
  0x000001df50c85030 JavaThread "Reference Handler" daemon [_thread_blocked, id=13240, stack(0x0000003c01400000,0x0000003c01500000)]
  0x000001df50c872a0 JavaThread "Finalizer" daemon [_thread_blocked, id=13244, stack(0x0000003c01500000,0x0000003c01600000)]
  0x000001df50cb4f10 JavaThread "Signal Dispatcher" daemon [_thread_blocked, id=13252, stack(0x0000003c01600000,0x0000003c01700000)]
  0x000001df50cb57d0 JavaThread "Attach Listener" daemon [_thread_blocked, id=13256, stack(0x0000003c01700000,0x0000003c01800000)]
  0x000001df50cb6090 JavaThread "Service Thread" daemon [_thread_blocked, id=13260, stack(0x0000003c01800000,0x0000003c01900000)]
  0x000001df50cb8960 JavaThread "Monitor Deflation Thread" daemon [_thread_blocked, id=13264, stack(0x0000003c01900000,0x0000003c01a00000)]
  0x000001df50cb9550 JavaThread "C2 CompilerThread0" daemon [_thread_blocked, id=13268, stack(0x0000003c01a00000,0x0000003c01b00000)]
  0x000001df52732810 JavaThread "C1 CompilerThread0" daemon [_thread_blocked, id=13272, stack(0x0000003c01b00000,0x0000003c01c00000)]
  0x000001df5275d0c0 JavaThread "Sweeper thread" daemon [_thread_blocked, id=13276, stack(0x0000003c01c00000,0x0000003c01d00000)]
  0x000001df3c67abc0 JavaThread "Common-Cleaner" daemon [_thread_blocked, id=13284, stack(0x0000003c01d00000,0x0000003c01e00000)]
  0x000001df52a0e880 JavaThread "Notification Thread" daemon [_thread_blocked, id=12516, stack(0x0000003c01e00000,0x0000003c01f00000)]
  0x000001df52fb01b0 JavaThread "Active Thread: Equinox Container: 03a065c6-7a9b-4617-a1d9-9b72a9e8bcd6" [_thread_blocked, id=12460, stack(0x0000003c02300000,0x0000003c02400000)]
  0x000001df52ff1590 JavaThread "Framework Event Dispatcher: Equinox Container: 03a065c6-7a9b-4617-a1d9-9b72a9e8bcd6" daemon [_thread_blocked, id=12388, stack(0x0000003c02500000,0x0000003c02600000)]
  0x000001df53024a50 JavaThread "Start Level: Equinox Container: 03a065c6-7a9b-4617-a1d9-9b72a9e8bcd6" daemon [_thread_blocked, id=12396, stack(0x0000003c02600000,0x0000003c02700000)]
  0x000001df5303f390 JavaThread "SCR Component Actor" daemon [_thread_blocked, id=12356, stack(0x0000003c02700000,0x0000003c02800000)]
  0x000001df532ada30 JavaThread "Worker-JM" [_thread_blocked, id=10280, stack(0x0000003c02800000,0x0000003c02900000)]
  0x000001df5309de90 JavaThread "Java indexing" daemon [_thread_blocked, id=7488, stack(0x0000003c02c00000,0x0000003c02d00000)]
  0x000001df5309d4f0 JavaThread "JNA Cleaner" daemon [_thread_blocked, id=6876, stack(0x0000003c02d00000,0x0000003c02e00000)]
  0x000001df530a0eb0 JavaThread "pool-2-thread-1" [_thread_blocked, id=3796, stack(0x0000003c02400000,0x0000003c02500000)]
  0x000001df530a0510 JavaThread "pool-1-thread-1" [_thread_in_native, id=12876, stack(0x0000003c03000000,0x0000003c03100000)]
  0x000001df530a0040 JavaThread "Worker-4" [_thread_blocked, id=2800, stack(0x0000003c03300000,0x0000003c03400000)]
  0x000001df5652d5f0 JavaThread "Bundle File Closer" daemon [_thread_blocked, id=12628, stack(0x0000003c03600000,0x0000003c03700000)]
  0x000001df56534970 JavaThread "Worker-18: Java indexing... " [_thread_blocked, id=6532, stack(0x0000003c03800000,0x0000003c03900000)]
  0x000001df5652fc70 JavaThread "Worker-19: Building" [_thread_blocked, id=9236, stack(0x0000003c00f00000,0x0000003c01000000)]
  0x000001df56530fb0 JavaThread "Worker-20" [_thread_blocked, id=10352, stack(0x0000003c01000000,0x0000003c01100000)]
  0x000001df5652df90 JavaThread "OkHttp repo.maven.apache.org" [_thread_blocked, id=14140, stack(0x0000003c02a00000,0x0000003c02b00000)]
  0x000001df565344a0 JavaThread "OkHttp ConnectionPool" daemon [_thread_blocked, id=12868, stack(0x0000003c02b00000,0x0000003c02c00000)]
  0x000001df56531e20 JavaThread "Okio Watchdog" daemon [_thread_blocked, id=3856, stack(0x0000003c02e00000,0x0000003c02f00000)]
  0x000001df56532c90 JavaThread "OkHttp repo.maven.apache.org Writer" [_thread_blocked, id=12592, stack(0x0000003c02f00000,0x0000003c03000000)]
  0x000001df56533160 JavaThread "OkHttp Http2Connection" daemon [_thread_blocked, id=10788, stack(0x0000003c03100000,0x0000003c03200000)]
  0x000001df56533b00 JavaThread "Worker-21" [_thread_blocked, id=13900, stack(0x0000003c03200000,0x0000003c03300000)]

Other Threads:
  0x000001df3c6cae40 VMThread "VM Thread" [stack: 0x0000003c01300000,0x0000003c01400000] [id=13236]
  0x000001df52a03a60 WatcherThread [stack: 0x0000003c01f00000,0x0000003c02000000] [id=12520]
  0x000001df3c6257b0 GCTaskThread "GC Thread#0" [stack: 0x0000003c01200000,0x0000003c01300000] [id=13232]
  0x000001df52cd20a0 GCTaskThread "GC Thread#1" [stack: 0x0000003c02000000,0x0000003c02100000] [id=12372]
  0x000001df52f1a480 GCTaskThread "GC Thread#2" [stack: 0x0000003c02100000,0x0000003c02200000] [id=12556]
=>0x000001df52f1a730 GCTaskThread "GC Thread#3" [stack: 0x0000003c02200000,0x0000003c02300000] [id=12560]

Threads with active compile tasks:

VM state: at safepoint (normal execution)

VM Mutex/Monitor currently owned by a thread:  ([mutex/lock_event])
[0x000001df3c6126b0] Threads_lock - owner thread: 0x000001df3c6cae40
[0x000001df3c612740] Heap_lock - owner thread: 0x000001df5309de90

Heap address: 0x00000000c0000000, size: 1024 MB, Compressed Oops mode: 32-bit

CDS archive(s) not mapped
Compressed class space mapped at: 0x0000000100000000-0x0000000140000000, reserved size: 1073741824
Narrow klass base: 0x0000000000000000, Narrow klass shift: 3, Narrow klass range: 0x140000000

GC Precious Log:
 CPUs: 4 total, 4 available
 Memory: 6059M
 Large Page Support: Disabled
 NUMA Support: Disabled
 Compressed Oops: Enabled (32-bit)
 Alignments: Space 512K, Generation 512K, Heap 2M
 Heap Min Capacity: 100M
 Heap Initial Capacity: 100M
 Heap Max Capacity: 1G
 Pre-touch: Disabled
 Parallel Workers: 4

Heap:
 PSYoungGen      total 2048K, used 256K [0x00000000eab00000, 0x00000000eae00000, 0x0000000100000000)
  eden space 1536K, 0% used [0x00000000eab00000,0x00000000eab00000,0x00000000eac80000)
  from space 512K, 50% used [0x00000000ead80000,0x00000000eadc0000,0x00000000eae00000)
  to   space 512K, 0% used [0x00000000ead00000,0x00000000ead00000,0x00000000ead80000)
 ParOldGen       total 121344K, used 121282K [0x00000000c0000000, 0x00000000c7680000, 0x00000000eab00000)
  object space 121344K, 99% used [0x00000000c0000000,0x00000000c7670998,0x00000000c7680000)
 Metaspace       used 76509K, committed 78080K, reserved 1122304K
  class space    used 7714K, committed 8256K, reserved 1048576K

Card table byte_map: [0x000001df4e570000,0x000001df4e780000] _byte_map_base: 0x000001df4df70000

Marking Bits: (ParMarkBitMap*) 0x00007ff8216c3e70
 Begin Bits: [0x000001df4e8e0000, 0x000001df4f8e0000)
 End Bits:   [0x000001df4f8e0000, 0x000001df508e0000)

Polling page: 0x000001df3ac30000

Metaspace:

Usage:
  Non-class:     67.18 MB used.
      Class:      7.53 MB used.
       Both:     74.72 MB used.

Virtual space:
  Non-class space:       72.00 MB reserved,      68.19 MB ( 95%) committed,  9 nodes.
      Class space:        1.00 GB reserved,       8.06 MB ( <1%) committed,  1 nodes.
             Both:        1.07 GB reserved,      76.25 MB (  7%) committed. 

Chunk freelists:
   Non-Class:  3.96 MB
       Class:  3.99 MB
        Both:  7.95 MB

MaxMetaspaceSize: unlimited
CompressedClassSpaceSize: 1.00 GB
Initial GC threshold: 21.00 MB
Current GC threshold: 127.12 MB
CDS: off
MetaspaceReclaimPolicy: balanced
 - commit_granule_bytes: 65536.
 - commit_granule_words: 8192.
 - virtual_space_node_default_size: 1048576.
 - enlarge_chunks_in_place: 1.
 - new_chunks_are_fully_committed: 0.
 - uncommit_free_chunks: 1.
 - use_allocation_guard: 0.
 - handle_deallocations: 1.


Internal statistics:

num_allocs_failed_limit: 9.
num_arena_births: 1044.
num_arena_deaths: 278.
num_vsnodes_births: 10.
num_vsnodes_deaths: 0.
num_space_committed: 1234.
num_space_uncommitted: 14.
num_chunks_returned_to_freelist: 518.
num_chunks_taken_from_freelist: 4488.
num_chunk_merges: 137.
num_chunk_splits: 2577.
num_chunks_enlarged: 1344.
num_purges: 20.
num_inconsistent_stats: 0.

CodeHeap 'non-profiled nmethods': size=120000Kb used=14638Kb max_used=14638Kb free=105361Kb
 bounds [0x000001df46e60000, 0x000001df47cb0000, 0x000001df4e390000]
CodeHeap 'profiled nmethods': size=120000Kb used=26995Kb max_used=26995Kb free=93004Kb
 bounds [0x000001df3f390000, 0x000001df40e00000, 0x000001df468c0000]
CodeHeap 'non-nmethods': size=5760Kb used=1405Kb max_used=1485Kb free=4354Kb
 bounds [0x000001df468c0000, 0x000001df46b30000, 0x000001df46e60000]
 total_blobs=13639 nmethods=12887 adapters=665
 compilation: enabled
              stopped_count=0, restarted_count=0
 full_count=0

Compilation events (20 events):
Event: 4398.934 Thread 0x000001df52732810 15925       3       org.eclipse.core.internal.resources.Workspace::setTreeLocked (39 bytes)
Event: 4398.934 Thread 0x000001df52732810 nmethod 15925 0x000001df40dea510 code [0x000001df40dea6c0, 0x000001df40dea948]
Event: 4398.951 Thread 0x000001df52732810 15926       3       org.eclipse.jdt.internal.compiler.util.HashtableOfObject::<init> (98 bytes)
Event: 4398.952 Thread 0x000001df52732810 nmethod 15926 0x000001df40deaa10 code [0x000001df40deac80, 0x000001df40deb5e8]
Event: 4399.045 Thread 0x000001df50cb9550 15927       4       sun.security.util.math.intpoly.IntegerPolynomial$Element::mutable (26 bytes)
Event: 4399.049 Thread 0x000001df50cb9550 nmethod 15927 0x000001df47c9c010 code [0x000001df47c9c1a0, 0x000001df47c9c398]
Event: 4399.081 Thread 0x000001df52732810 15928       3       org.eclipse.jdt.internal.compiler.util.HashtableOfIntValues::rehash (78 bytes)
Event: 4399.081 Thread 0x000001df52732810 nmethod 15928 0x000001df40deb910 code [0x000001df40debae0, 0x000001df40debe78]
Event: 4399.128 Thread 0x000001df50cb9550 15929       4       sun.security.util.math.intpoly.IntegerPolynomial$Element::<init> (40 bytes)
Event: 4399.131 Thread 0x000001df50cb9550 nmethod 15929 0x000001df47c9c510 code [0x000001df47c9c6a0, 0x000001df47c9c8b8]
Event: 4399.174 Thread 0x000001df50cb9550 15930       4       org.eclipse.core.runtime.SubMonitor::subTask (18 bytes)
Event: 4399.177 Thread 0x000001df50cb9550 nmethod 15930 0x000001df47c9ca10 code [0x000001df47c9cba0, 0x000001df47c9cdd8]
Event: 4399.533 Thread 0x000001df52732810 15931  s!   3       org.eclipse.jdt.internal.core.search.indexing.IndexManager::getIndex (395 bytes)
Event: 4399.538 Thread 0x000001df52732810 nmethod 15931 0x000001df40dec090 code [0x000001df40dec7e0, 0x000001df40df0158]
Event: 4399.652 Thread 0x000001df50cb9550 15932       4       org.eclipse.core.runtime.Path::toString (213 bytes)
Event: 4399.688 Thread 0x000001df50cb9550 nmethod 15932 0x000001df47c9cf10 code [0x000001df47c9d100, 0x000001df47c9e0d8]
Event: 4401.211 Thread 0x000001df50cb9550 15933       4       org.eclipse.jdt.internal.core.search.indexing.BinaryIndexer::addBinaryStandardAnnotations (238 bytes)
Event: 4401.686 Thread 0x000001df50cb9550 nmethod 15933 0x000001df47c9eb10 code [0x000001df47c9f160, 0x000001df47ca7b10]
Event: 4402.657 Thread 0x000001df50cb9550 15934       4       sun.nio.ch.NioSocketImpl::park (8 bytes)
Event: 4402.657 Thread 0x000001df50cb9550 nmethod 15934 0x000001df47cab690 code [0x000001df47cab820, 0x000001df47cab8c8]

GC Heap History (20 events):
Event: 4402.947 GC heap after
{Heap after GC invocations=3527 (full 49):
 PSYoungGen      total 2048K, used 299K [0x00000000eab00000, 0x00000000eae00000, 0x0000000100000000)
  eden space 1536K, 0% used [0x00000000eab00000,0x00000000eab00000,0x00000000eac80000)
  from space 512K, 58% used [0x00000000ead00000,0x00000000ead4ae80,0x00000000ead80000)
  to   space 512K, 0% used [0x00000000ead80000,0x00000000ead80000,0x00000000eae00000)
 ParOldGen       total 121344K, used 119698K [0x00000000c0000000, 0x00000000c7680000, 0x00000000eab00000)
  object space 121344K, 98% used [0x00000000c0000000,0x00000000c74e4998,0x00000000c7680000)
 Metaspace       used 76509K, committed 78080K, reserved 1122304K
  class space    used 7714K, committed 8256K, reserved 1048576K
}
Event: 4402.965 GC heap before
{Heap before GC invocations=3528 (full 49):
 PSYoungGen      total 2048K, used 1835K [0x00000000eab00000, 0x00000000eae00000, 0x0000000100000000)
  eden space 1536K, 100% used [0x00000000eab00000,0x00000000eac80000,0x00000000eac80000)
  from space 512K, 58% used [0x00000000ead00000,0x00000000ead4ae80,0x00000000ead80000)
  to   space 512K, 0% used [0x00000000ead80000,0x00000000ead80000,0x00000000eae00000)
 ParOldGen       total 121344K, used 119698K [0x00000000c0000000, 0x00000000c7680000, 0x00000000eab00000)
  object space 121344K, 98% used [0x00000000c0000000,0x00000000c74e4998,0x00000000c7680000)
 Metaspace       used 76509K, committed 78080K, reserved 1122304K
  class space    used 7714K, committed 8256K, reserved 1048576K
}
Event: 4402.967 GC heap after
{Heap after GC invocations=3528 (full 49):
 PSYoungGen      total 2048K, used 224K [0x00000000eab00000, 0x00000000eae00000, 0x0000000100000000)
  eden space 1536K, 0% used [0x00000000eab00000,0x00000000eab00000,0x00000000eac80000)
  from space 512K, 43% used [0x00000000ead80000,0x00000000eadb8000,0x00000000eae00000)
  to   space 512K, 0% used [0x00000000ead00000,0x00000000ead00000,0x00000000ead80000)
 ParOldGen       total 121344K, used 119850K [0x00000000c0000000, 0x00000000c7680000, 0x00000000eab00000)
  object space 121344K, 98% used [0x00000000c0000000,0x00000000c750a998,0x00000000c7680000)
 Metaspace       used 76509K, committed 78080K, reserved 1122304K
  class space    used 7714K, committed 8256K, reserved 1048576K
}
Event: 4402.998 GC heap before
{Heap before GC invocations=3529 (full 49):
 PSYoungGen      total 2048K, used 1753K [0x00000000eab00000, 0x00000000eae00000, 0x0000000100000000)
  eden space 1536K, 99% used [0x00000000eab00000,0x00000000eac7e5b8,0x00000000eac80000)
  from space 512K, 43% used [0x00000000ead80000,0x00000000eadb8000,0x00000000eae00000)
  to   space 512K, 0% used [0x00000000ead00000,0x00000000ead00000,0x00000000ead80000)
 ParOldGen       total 121344K, used 119850K [0x00000000c0000000, 0x00000000c7680000, 0x00000000eab00000)
  object space 121344K, 98% used [0x00000000c0000000,0x00000000c750a998,0x00000000c7680000)
 Metaspace       used 76509K, committed 78080K, reserved 1122304K
  class space    used 7714K, committed 8256K, reserved 1048576K
}
Event: 4403.000 GC heap after
{Heap after GC invocations=3529 (full 49):
 PSYoungGen      total 2048K, used 294K [0x00000000eab00000, 0x00000000eae00000, 0x0000000100000000)
  eden space 1536K, 0% used [0x00000000eab00000,0x00000000eab00000,0x00000000eac80000)
  from space 512K, 57% used [0x00000000ead00000,0x00000000ead49a68,0x00000000ead80000)
  to   space 512K, 0% used [0x00000000ead80000,0x00000000ead80000,0x00000000eae00000)
 ParOldGen       total 121344K, used 120034K [0x00000000c0000000, 0x00000000c7680000, 0x00000000eab00000)
  object space 121344K, 98% used [0x00000000c0000000,0x00000000c7538998,0x00000000c7680000)
 Metaspace       used 76509K, committed 78080K, reserved 1122304K
  class space    used 7714K, committed 8256K, reserved 1048576K
}
Event: 4403.018 GC heap before
{Heap before GC invocations=3530 (full 49):
 PSYoungGen      total 2048K, used 1829K [0x00000000eab00000, 0x00000000eae00000, 0x0000000100000000)
  eden space 1536K, 99% used [0x00000000eab00000,0x00000000eac7fb40,0x00000000eac80000)
  from space 512K, 57% used [0x00000000ead00000,0x00000000ead49a68,0x00000000ead80000)
  to   space 512K, 0% used [0x00000000ead80000,0x00000000ead80000,0x00000000eae00000)
 ParOldGen       total 121344K, used 120034K [0x00000000c0000000, 0x00000000c7680000, 0x00000000eab00000)
  object space 121344K, 98% used [0x00000000c0000000,0x00000000c7538998,0x00000000c7680000)
 Metaspace       used 76509K, committed 78080K, reserved 1122304K
  class space    used 7714K, committed 8256K, reserved 1048576K
}
Event: 4403.020 GC heap after
{Heap after GC invocations=3530 (full 49):
 PSYoungGen      total 2048K, used 224K [0x00000000eab00000, 0x00000000eae00000, 0x0000000100000000)
  eden space 1536K, 0% used [0x00000000eab00000,0x00000000eab00000,0x00000000eac80000)
  from space 512K, 43% used [0x00000000ead80000,0x00000000eadb8000,0x00000000eae00000)
  to   space 512K, 0% used [0x00000000ead00000,0x00000000ead00000,0x00000000ead80000)
 ParOldGen       total 121344K, used 120194K [0x00000000c0000000, 0x00000000c7680000, 0x00000000eab00000)
  object space 121344K, 99% used [0x00000000c0000000,0x00000000c7560998,0x00000000c7680000)
 Metaspace       used 76509K, committed 78080K, reserved 1122304K
  class space    used 7714K, committed 8256K, reserved 1048576K
}
Event: 4403.065 GC heap before
{Heap before GC invocations=3531 (full 49):
 PSYoungGen      total 2048K, used 1760K [0x00000000eab00000, 0x00000000eae00000, 0x0000000100000000)
  eden space 1536K, 100% used [0x00000000eab00000,0x00000000eac80000,0x00000000eac80000)
  from space 512K, 43% used [0x00000000ead80000,0x00000000eadb8000,0x00000000eae00000)
  to   space 512K, 0% used [0x00000000ead00000,0x00000000ead00000,0x00000000ead80000)
 ParOldGen       total 121344K, used 120194K [0x00000000c0000000, 0x00000000c7680000, 0x00000000eab00000)
  object space 121344K, 99% used [0x00000000c0000000,0x00000000c7560998,0x00000000c7680000)
 Metaspace       used 76509K, committed 78080K, reserved 1122304K
  class space    used 7714K, committed 8256K, reserved 1048576K
}
Event: 4403.067 GC heap after
{Heap after GC invocations=3531 (full 49):
 PSYoungGen      total 2048K, used 256K [0x00000000eab00000, 0x00000000eae00000, 0x0000000100000000)
  eden space 1536K, 0% used [0x00000000eab00000,0x00000000eab00000,0x00000000eac80000)
  from space 512K, 50% used [0x00000000ead00000,0x00000000ead40000,0x00000000ead80000)
  to   space 512K, 0% used [0x00000000ead80000,0x00000000ead80000,0x00000000eae00000)
 ParOldGen       total 121344K, used 120370K [0x00000000c0000000, 0x00000000c7680000, 0x00000000eab00000)
  object space 121344K, 99% used [0x00000000c0000000,0x00000000c758c998,0x00000000c7680000)
 Metaspace       used 76509K, committed 78080K, reserved 1122304K
  class space    used 7714K, committed 8256K, reserved 1048576K
}
Event: 4403.092 GC heap before
{Heap before GC invocations=3532 (full 49):
 PSYoungGen      total 2048K, used 1792K [0x00000000eab00000, 0x00000000eae00000, 0x0000000100000000)
  eden space 1536K, 100% used [0x00000000eab00000,0x00000000eac80000,0x00000000eac80000)
  from space 512K, 50% used [0x00000000ead00000,0x00000000ead40000,0x00000000ead80000)
  to   space 512K, 0% used [0x00000000ead80000,0x00000000ead80000,0x00000000eae00000)
 ParOldGen       total 121344K, used 120370K [0x00000000c0000000, 0x00000000c7680000, 0x00000000eab00000)
  object space 121344K, 99% used [0x00000000c0000000,0x00000000c758c998,0x00000000c7680000)
 Metaspace       used 76509K, committed 78080K, reserved 1122304K
  class space    used 7714K, committed 8256K, reserved 1048576K
}
Event: 4403.095 GC heap after
{Heap after GC invocations=3532 (full 49):
 PSYoungGen      total 2048K, used 224K [0x00000000eab00000, 0x00000000eae00000, 0x0000000100000000)
  eden space 1536K, 0% used [0x00000000eab00000,0x00000000eab00000,0x00000000eac80000)
  from space 512K, 43% used [0x00000000ead80000,0x00000000eadb8000,0x00000000eae00000)
  to   space 512K, 0% used [0x00000000ead00000,0x00000000ead00000,0x00000000ead80000)
 ParOldGen       total 121344K, used 120554K [0x00000000c0000000, 0x00000000c7680000, 0x00000000eab00000)
  object space 121344K, 99% used [0x00000000c0000000,0x00000000c75ba998,0x00000000c7680000)
 Metaspace       used 76509K, committed 78080K, reserved 1122304K
  class space    used 7714K, committed 8256K, reserved 1048576K
}
Event: 4403.142 GC heap before
{Heap before GC invocations=3533 (full 49):
 PSYoungGen      total 2048K, used 1760K [0x00000000eab00000, 0x00000000eae00000, 0x0000000100000000)
  eden space 1536K, 100% used [0x00000000eab00000,0x00000000eac80000,0x00000000eac80000)
  from space 512K, 43% used [0x00000000ead80000,0x00000000eadb8000,0x00000000eae00000)
  to   space 512K, 0% used [0x00000000ead00000,0x00000000ead00000,0x00000000ead80000)
 ParOldGen       total 121344K, used 120554K [0x00000000c0000000, 0x00000000c7680000, 0x00000000eab00000)
  object space 121344K, 99% used [0x00000000c0000000,0x00000000c75ba998,0x00000000c7680000)
 Metaspace       used 76509K, committed 78080K, reserved 1122304K
  class space    used 7714K, committed 8256K, reserved 1048576K
}
Event: 4403.144 GC heap after
{Heap after GC invocations=3533 (full 49):
 PSYoungGen      total 2048K, used 224K [0x00000000eab00000, 0x00000000eae00000, 0x0000000100000000)
  eden space 1536K, 0% used [0x00000000eab00000,0x00000000eab00000,0x00000000eac80000)
  from space 512K, 43% used [0x00000000ead00000,0x00000000ead38000,0x00000000ead80000)
  to   space 512K, 0% used [0x00000000ead80000,0x00000000ead80000,0x00000000eae00000)
 ParOldGen       total 121344K, used 120722K [0x00000000c0000000, 0x00000000c7680000, 0x00000000eab00000)
  object space 121344K, 99% used [0x00000000c0000000,0x00000000c75e4998,0x00000000c7680000)
 Metaspace       used 76509K, committed 78080K, reserved 1122304K
  class space    used 7714K, committed 8256K, reserved 1048576K
}
Event: 4403.157 GC heap before
{Heap before GC invocations=3534 (full 49):
 PSYoungGen      total 2048K, used 1759K [0x00000000eab00000, 0x00000000eae00000, 0x0000000100000000)
  eden space 1536K, 99% used [0x00000000eab00000,0x00000000eac7fff0,0x00000000eac80000)
  from space 512K, 43% used [0x00000000ead00000,0x00000000ead38000,0x00000000ead80000)
  to   space 512K, 0% used [0x00000000ead80000,0x00000000ead80000,0x00000000eae00000)
 ParOldGen       total 121344K, used 120722K [0x00000000c0000000, 0x00000000c7680000, 0x00000000eab00000)
  object space 121344K, 99% used [0x00000000c0000000,0x00000000c75e4998,0x00000000c7680000)
 Metaspace       used 76509K, committed 78080K, reserved 1122304K
  class space    used 7714K, committed 8256K, reserved 1048576K
}
Event: 4403.158 GC heap after
{Heap after GC invocations=3534 (full 49):
 PSYoungGen      total 2048K, used 256K [0x00000000eab00000, 0x00000000eae00000, 0x0000000100000000)
  eden space 1536K, 0% used [0x00000000eab00000,0x00000000eab00000,0x00000000eac80000)
  from space 512K, 50% used [0x00000000ead80000,0x00000000eadc0000,0x00000000eae00000)
  to   space 512K, 0% used [0x00000000ead00000,0x00000000ead00000,0x00000000ead80000)
 ParOldGen       total 121344K, used 120898K [0x00000000c0000000, 0x00000000c7680000, 0x00000000eab00000)
  object space 121344K, 99% used [0x00000000c0000000,0x00000000c7610998,0x00000000c7680000)
 Metaspace       used 76509K, committed 78080K, reserved 1122304K
  class space    used 7714K, committed 8256K, reserved 1048576K
}
Event: 4403.170 GC heap before
{Heap before GC invocations=3535 (full 49):
 PSYoungGen      total 2048K, used 1792K [0x00000000eab00000, 0x00000000eae00000, 0x0000000100000000)
  eden space 1536K, 100% used [0x00000000eab00000,0x00000000eac80000,0x00000000eac80000)
  from space 512K, 50% used [0x00000000ead80000,0x00000000eadc0000,0x00000000eae00000)
  to   space 512K, 0% used [0x00000000ead00000,0x00000000ead00000,0x00000000ead80000)
 ParOldGen       total 121344K, used 120898K [0x00000000c0000000, 0x00000000c7680000, 0x00000000eab00000)
  object space 121344K, 99% used [0x00000000c0000000,0x00000000c7610998,0x00000000c7680000)
 Metaspace       used 76509K, committed 78080K, reserved 1122304K
  class space    used 7714K, committed 8256K, reserved 1048576K
}
Event: 4403.171 GC heap after
{Heap after GC invocations=3535 (full 49):
 PSYoungGen      total 2048K, used 224K [0x00000000eab00000, 0x00000000eae00000, 0x0000000100000000)
  eden space 1536K, 0% used [0x00000000eab00000,0x00000000eab00000,0x00000000eac80000)
  from space 512K, 43% used [0x00000000ead00000,0x00000000ead38000,0x00000000ead80000)
  to   space 512K, 0% used [0x00000000ead80000,0x00000000ead80000,0x00000000eae00000)
 ParOldGen       total 121344K, used 121106K [0x00000000c0000000, 0x00000000c7680000, 0x00000000eab00000)
  object space 121344K, 99% used [0x00000000c0000000,0x00000000c7644998,0x00000000c7680000)
 Metaspace       used 76509K, committed 78080K, reserved 1122304K
  class space    used 7714K, committed 8256K, reserved 1048576K
}
Event: 4403.196 GC heap before
{Heap before GC invocations=3536 (full 49):
 PSYoungGen      total 2048K, used 1760K [0x00000000eab00000, 0x00000000eae00000, 0x0000000100000000)
  eden space 1536K, 100% used [0x00000000eab00000,0x00000000eac80000,0x00000000eac80000)
  from space 512K, 43% used [0x00000000ead00000,0x00000000ead38000,0x00000000ead80000)
  to   space 512K, 0% used [0x00000000ead80000,0x00000000ead80000,0x00000000eae00000)
 ParOldGen       total 121344K, used 121106K [0x00000000c0000000, 0x00000000c7680000, 0x00000000eab00000)
  object space 121344K, 99% used [0x00000000c0000000,0x00000000c7644998,0x00000000c7680000)
 Metaspace       used 76509K, committed 78080K, reserved 1122304K
  class space    used 7714K, committed 8256K, reserved 1048576K
}
Event: 4403.198 GC heap after
{Heap after GC invocations=3536 (full 49):
 PSYoungGen      total 2048K, used 256K [0x00000000eab00000, 0x00000000eae00000, 0x0000000100000000)
  eden space 1536K, 0% used [0x00000000eab00000,0x00000000eab00000,0x00000000eac80000)
  from space 512K, 50% used [0x00000000ead80000,0x00000000eadc0000,0x00000000eae00000)
  to   space 512K, 0% used [0x00000000ead00000,0x00000000ead00000,0x00000000ead80000)
 ParOldGen       total 121344K, used 121282K [0x00000000c0000000, 0x00000000c7680000, 0x00000000eab00000)
  object space 121344K, 99% used [0x00000000c0000000,0x00000000c7670998,0x00000000c7680000)
 Metaspace       used 76509K, committed 78080K, reserved 1122304K
  class space    used 7714K, committed 8256K, reserved 1048576K
}
Event: 4403.198 GC heap before
{Heap before GC invocations=3537 (full 50):
 PSYoungGen      total 2048K, used 256K [0x00000000eab00000, 0x00000000eae00000, 0x0000000100000000)
  eden space 1536K, 0% used [0x00000000eab00000,0x00000000eab00000,0x00000000eac80000)
  from space 512K, 50% used [0x00000000ead80000,0x00000000eadc0000,0x00000000eae00000)
  to   space 512K, 0% used [0x00000000ead00000,0x00000000ead00000,0x00000000ead80000)
 ParOldGen       total 121344K, used 121282K [0x00000000c0000000, 0x00000000c7680000, 0x00000000eab00000)
  object space 121344K, 99% used [0x00000000c0000000,0x00000000c7670998,0x00000000c7680000)
 Metaspace       used 76509K, committed 78080K, reserved 1122304K
  class space    used 7714K, committed 8256K, reserved 1048576K
}

Dll operation events (11 events):
Event: 0.021 Loaded shared library c:\Users\carlos m rios\.vscode\extensions\redhat.java-1.16.0-win32-x64\jre\17.0.6-win32-x86_64\bin\java.dll
Event: 0.994 Loaded shared library c:\Users\carlos m rios\.vscode\extensions\redhat.java-1.16.0-win32-x64\jre\17.0.6-win32-x86_64\bin\zip.dll
Event: 0.999 Loaded shared library C:\Users\carlos m rios\.vscode\extensions\redhat.java-1.16.0-win32-x64\jre\17.0.6-win32-x86_64\bin\instrument.dll
Event: 1.025 Loaded shared library C:\Users\carlos m rios\.vscode\extensions\redhat.java-1.16.0-win32-x64\jre\17.0.6-win32-x86_64\bin\net.dll
Event: 1.044 Loaded shared library C:\Users\carlos m rios\.vscode\extensions\redhat.java-1.16.0-win32-x64\jre\17.0.6-win32-x86_64\bin\nio.dll
Event: 1.062 Loaded shared library C:\Users\carlos m rios\.vscode\extensions\redhat.java-1.16.0-win32-x64\jre\17.0.6-win32-x86_64\bin\zip.dll
Event: 1.160 Loaded shared library C:\Users\carlos m rios\.vscode\extensions\redhat.java-1.16.0-win32-x64\jre\17.0.6-win32-x86_64\bin\jimage.dll
Event: 1.268 Loaded shared library c:\Users\carlos m rios\.vscode\extensions\redhat.java-1.16.0-win32-x64\jre\17.0.6-win32-x86_64\bin\verify.dll
Event: 6.021 Loaded shared library C:\Users\carlos m rios\AppData\Roaming\Code\User\globalStorage\redhat.java\1.16.0\config_win\org.eclipse.equinox.launcher\org.eclipse.equinox.launcher.win32.win32.x86_64_1.2.700.v20221108-1024\eclipse_11801.dll
Event: 16.706 Loaded shared library C:\Users\carlos m rios\AppData\Local\Temp\jna--798898222\jna2016739250013044153.dll
Event: 42.344 Loaded shared library C:\Users\carlos m rios\.vscode\extensions\redhat.java-1.16.0-win32-x64\jre\17.0.6-win32-x86_64\bin\sunmscapi.dll

Deoptimization events (20 events):
Event: 4397.036 Thread 0x000001df530a0510 DEOPT PACKING pc=0x000001df47c7c94c sp=0x0000003c030fe270
Event: 4397.036 Thread 0x000001df530a0510 DEOPT UNPACKING pc=0x000001df469166a3 sp=0x0000003c030fe250 mode 2
Event: 4397.378 Thread 0x000001df5652fc70 Uncommon trap: trap_request=0xffffff45 fr.pc=0x000001df47c3e720 relative=0x00000000000038a0
Event: 4397.378 Thread 0x000001df5652fc70 Uncommon trap: reason=unstable_if action=reinterpret pc=0x000001df47c3e720 method=org.eclipse.jdt.internal.core.ClasspathEntry.validateClasspathEntry(Lorg/eclipse/jdt/core/IJavaProject;Lorg/eclipse/jdt/core/IClasspathEntry;Lorg/eclipse/jdt/core/IClasspath
Event: 4397.378 Thread 0x000001df5652fc70 DEOPT PACKING pc=0x000001df47c3e720 sp=0x0000003c00ffeb50
Event: 4397.378 Thread 0x000001df5652fc70 DEOPT UNPACKING pc=0x000001df469166a3 sp=0x0000003c00ffeb18 mode 2
Event: 4397.390 Thread 0x000001df5652fc70 Uncommon trap: trap_request=0xffffff45 fr.pc=0x000001df47362cbc relative=0x0000000000000dbc
Event: 4397.390 Thread 0x000001df5652fc70 Uncommon trap: reason=unstable_if action=reinterpret pc=0x000001df47362cbc method=org.eclipse.core.runtime.Path.computeLength()I @ 90 c2
Event: 4397.390 Thread 0x000001df5652fc70 DEOPT PACKING pc=0x000001df47362cbc sp=0x0000003c00ffe870
Event: 4397.390 Thread 0x000001df5652fc70 DEOPT UNPACKING pc=0x000001df469166a3 sp=0x0000003c00ffe7c8 mode 2
Event: 4397.394 Thread 0x000001df5652fc70 Uncommon trap: trap_request=0xffffff45 fr.pc=0x000001df47568eac relative=0x00000000000003ec
Event: 4397.394 Thread 0x000001df5652fc70 Uncommon trap: reason=unstable_if action=reinterpret pc=0x000001df47568eac method=org.eclipse.core.internal.events.ResourceComparator.compareDerived(Lorg/eclipse/core/internal/resources/ResourceInfo;Lorg/eclipse/core/internal/resources/ResourceInfo;)Z @ 1
Event: 4397.394 Thread 0x000001df5652fc70 DEOPT PACKING pc=0x000001df47568eac sp=0x0000003c00ffe110
Event: 4397.394 Thread 0x000001df5652fc70 DEOPT UNPACKING pc=0x000001df469166a3 sp=0x0000003c00ffe028 mode 2
Event: 4397.955 Thread 0x000001df5309de90 DEOPT PACKING pc=0x000001df400cbe73 sp=0x0000003c02cfef00
Event: 4397.955 Thread 0x000001df5309de90 DEOPT UNPACKING pc=0x000001df46916e43 sp=0x0000003c02cfe408 mode 0
Event: 4399.780 Thread 0x000001df5309de90 DEOPT PACKING pc=0x000001df400cbe73 sp=0x0000003c02cfecb0
Event: 4399.780 Thread 0x000001df5309de90 DEOPT UNPACKING pc=0x000001df46916e43 sp=0x0000003c02cfe1b8 mode 0
Event: 4403.145 Thread 0x000001df5309de90 DEOPT PACKING pc=0x000001df40db5b14 sp=0x0000003c02cff0d0
Event: 4403.145 Thread 0x000001df5309de90 DEOPT UNPACKING pc=0x000001df46916e43 sp=0x0000003c02cfe7f8 mode 0

Classes unloaded (20 events):
Event: 4398.441 Thread 0x000001df3c6cae40 Unloading class 0x00000001008091e0 'org/apache/maven/shared/filtering/MavenReaderFilterRequest'
Event: 4398.441 Thread 0x000001df3c6cae40 Unloading class 0x0000000100808ed0 'org/apache/maven/shared/filtering/MavenFileFilterRequest'
Event: 4398.441 Thread 0x000001df3c6cae40 Unloading class 0x0000000100808cd8 'org/codehaus/plexus/interpolation/Interpolator'
Event: 4398.441 Thread 0x000001df3c6cae40 Unloading class 0x0000000100808ae0 'org/codehaus/plexus/interpolation/BasicInterpolator'
Event: 4398.441 Thread 0x000001df3c6cae40 Unloading class 0x00000001008088e8 'org/codehaus/plexus/interpolation/ValueSource'
Event: 4398.441 Thread 0x000001df3c6cae40 Unloading class 0x0000000100808528 'org/apache/maven/shared/filtering/MavenResourcesExecution'
Event: 4398.441 Thread 0x000001df3c6cae40 Unloading class 0x0000000100808258 'org/apache/maven/shared/filtering/AbstractMavenFilteringRequest'
Event: 4398.441 Thread 0x000001df3c6cae40 Unloading class 0x0000000100808000 'org/apache/maven/shared/filtering/MavenFilteringException'
Event: 4398.441 Thread 0x000001df3c6cae40 Unloading class 0x0000000100805d50 'org/apache/maven/shared/filtering/DefaultMavenResourcesFiltering'
Event: 4398.441 Thread 0x000001df3c6cae40 Unloading class 0x0000000100805b58 'org/apache/maven/shared/filtering/MavenResourcesFiltering'
Event: 4398.441 Thread 0x000001df3c6cae40 Unloading class 0x00000001008058d0 'org/apache/maven/shared/filtering/DefaultMavenReaderFilter'
Event: 4398.441 Thread 0x000001df3c6cae40 Unloading class 0x00000001008056d8 'org/apache/maven/shared/filtering/MavenReaderFilter'
Event: 4398.441 Thread 0x000001df3c6cae40 Unloading class 0x0000000100805440 'org/apache/maven/shared/filtering/DefaultMavenFileFilter'
Event: 4398.441 Thread 0x000001df3c6cae40 Unloading class 0x00000001008051f8 'org/apache/maven/shared/filtering/BaseFilter'
Event: 4398.441 Thread 0x000001df3c6cae40 Unloading class 0x0000000100805000 'org/apache/maven/shared/filtering/MavenFileFilter'
Event: 4398.441 Thread 0x000001df3c6cae40 Unloading class 0x000000010080ad88 'org/apache/maven/shared/filtering/DefaultFilterInfo'
Event: 4398.441 Thread 0x000001df3c6cae40 Unloading class 0x000000010080aa80 'org/apache/maven/plugins/resources/TestResourcesMojo'
Event: 4398.441 Thread 0x000001df3c6cae40 Unloading class 0x000000010080a800 'org/apache/maven/plugins/maven_resources_plugin/HelpMojo'
Event: 4398.441 Thread 0x000001df3c6cae40 Unloading class 0x000000010080bb08 'org/apache/maven/plugins/resources/CopyResourcesMojo'
Event: 4398.441 Thread 0x000001df3c6cae40 Unloading class 0x000000010080b800 'org/apache/maven/plugins/resources/ResourcesMojo'

Classes redefined (0 events):
No events

Internal exceptions (20 events):
Event: 4398.873 Thread 0x000001df5652fc70 Exception <a 'java/lang/NullPointerException'{0x00000000eace4f90}> (0x00000000eace4f90) 
thrown [s\src\hotspot\share\runtime\sharedRuntime.cpp, line 628]
Event: 4398.873 Thread 0x000001df5652fc70 Implicit null exception at 0x000001df407a43bf to 0x000001df407a924a
Event: 4398.873 Thread 0x000001df5652fc70 Exception <a 'java/lang/NullPointerException'{0x00000000eace5510}> (0x00000000eace5510) 
thrown [s\src\hotspot\share\runtime\sharedRuntime.cpp, line 628]
Event: 4398.873 Thread 0x000001df5652fc70 Implicit null exception at 0x000001df407a43bf to 0x000001df407a924a
Event: 4398.873 Thread 0x000001df5652fc70 Exception <a 'java/lang/NullPointerException'{0x00000000eace5a90}> (0x00000000eace5a90) 
thrown [s\src\hotspot\share\runtime\sharedRuntime.cpp, line 628]
Event: 4398.873 Thread 0x000001df5652fc70 Implicit null exception at 0x000001df407a43bf to 0x000001df407a924a
Event: 4398.873 Thread 0x000001df5652fc70 Exception <a 'java/lang/NullPointerException'{0x00000000eace63c8}> (0x00000000eace63c8) 
thrown [s\src\hotspot\share\runtime\sharedRuntime.cpp, line 628]
Event: 4398.873 Thread 0x000001df5652fc70 Implicit null exception at 0x000001df407a43bf to 0x000001df407a924a
Event: 4398.873 Thread 0x000001df5652fc70 Exception <a 'java/lang/NullPointerException'{0x00000000eace6948}> (0x00000000eace6948) 
thrown [s\src\hotspot\share\runtime\sharedRuntime.cpp, line 628]
Event: 4398.873 Thread 0x000001df5652fc70 Implicit null exception at 0x000001df407a43bf to 0x000001df407a924a
Event: 4398.873 Thread 0x000001df5652fc70 Exception <a 'java/lang/NullPointerException'{0x00000000eace6ec8}> (0x00000000eace6ec8) 
thrown [s\src\hotspot\share\runtime\sharedRuntime.cpp, line 628]
Event: 4398.932 Thread 0x000001df5309de90 Exception <a 'sun/nio/fs/WindowsException'{0x00000000ead048c0}> (0x00000000ead048c0) 
thrown [s\src\hotspot\share\prims\jni.cpp, line 516]
Event: 4398.954 Thread 0x000001df5309de90 Exception <a 'sun/nio/fs/WindowsException'{0x00000000eac5df50}> (0x00000000eac5df50) 
thrown [s\src\hotspot\share\prims\jni.cpp, line 516]
Event: 4399.104 Thread 0x000001df5309de90 Exception <a 'sun/nio/fs/WindowsException'{0x00000000eace6fb8}> (0x00000000eace6fb8) 
thrown [s\src\hotspot\share\prims\jni.cpp, line 516]
Event: 4399.185 Thread 0x000001df5309de90 Exception <a 'sun/nio/fs/WindowsException'{0x00000000eab101a8}> (0x00000000eab101a8) 
thrown [s\src\hotspot\share\prims\jni.cpp, line 516]
Event: 4399.256 Thread 0x000001df5309de90 Exception <a 'sun/nio/fs/WindowsException'{0x00000000eab9bac0}> (0x00000000eab9bac0) 
thrown [s\src\hotspot\share\prims\jni.cpp, line 516]
Event: 4399.509 Thread 0x000001df5309de90 Exception <a 'sun/nio/fs/WindowsException'{0x00000000eab12ed8}> (0x00000000eab12ed8) 
thrown [s\src\hotspot\share\prims\jni.cpp, line 516]
Event: 4399.527 Thread 0x000001df5309de90 Exception <a 'sun/nio/fs/WindowsException'{0x00000000eab270a8}> (0x00000000eab270a8) 
thrown [s\src\hotspot\share\prims\jni.cpp, line 516]
Event: 4399.596 Thread 0x000001df5309de90 Exception <a 'sun/nio/fs/WindowsException'{0x00000000eabf98f8}> (0x00000000eabf98f8) 
thrown [s\src\hotspot\share\prims\jni.cpp, line 516]
Event: 4399.813 Thread 0x000001df5309de90 Exception <a 'sun/nio/fs/WindowsException'{0x00000000eab50770}> (0x00000000eab50770) 
thrown [s\src\hotspot\share\prims\jni.cpp, line 516]

VM Operations (20 events):
Event: 4402.918 Executing VM operation: ParallelGCFailedAllocation done
Event: 4402.945 Executing VM operation: ParallelGCFailedAllocation
Event: 4402.947 Executing VM operation: ParallelGCFailedAllocation done
Event: 4402.965 Executing VM operation: ParallelGCFailedAllocation
Event: 4402.967 Executing VM operation: ParallelGCFailedAllocation done
Event: 4402.998 Executing VM operation: ParallelGCFailedAllocation
Event: 4403.000 Executing VM operation: ParallelGCFailedAllocation done
Event: 4403.018 Executing VM operation: ParallelGCFailedAllocation
Event: 4403.020 Executing VM operation: ParallelGCFailedAllocation done
Event: 4403.065 Executing VM operation: ParallelGCFailedAllocation
Event: 4403.067 Executing VM operation: ParallelGCFailedAllocation done
Event: 4403.092 Executing VM operation: ParallelGCFailedAllocation
Event: 4403.095 Executing VM operation: ParallelGCFailedAllocation done
Event: 4403.142 Executing VM operation: ParallelGCFailedAllocation
Event: 4403.144 Executing VM operation: ParallelGCFailedAllocation done
Event: 4403.157 Executing VM operation: ParallelGCFailedAllocation
Event: 4403.158 Executing VM operation: ParallelGCFailedAllocation done
Event: 4403.170 Executing VM operation: ParallelGCFailedAllocation
Event: 4403.171 Executing VM operation: ParallelGCFailedAllocation done
Event: 4403.196 Executing VM operation: ParallelGCFailedAllocation

Events (20 events):
Event: 4030.447 Thread 0x000001df56532c90 Thread exited: 0x000001df56532c90
Event: 4032.869 Thread 0x000001df56530fb0 Thread exited: 0x000001df56530fb0
Event: 4071.948 Thread 0x000001df56530610 Thread exited: 0x000001df56530610
Event: 4071.955 Thread 0x000001df5652df90 Thread exited: 0x000001df5652df90
Event: 4074.571 Thread 0x000001df56531e20 Thread exited: 0x000001df56531e20
Event: 4092.872 Thread 0x000001df574b0680 Thread exited: 0x000001df574b0680
Event: 4152.874 Thread 0x000001df574afce0 Thread exited: 0x000001df574afce0
Event: 4260.964 Thread 0x000001df5652df90 Thread added: 0x000001df5652df90
Event: 4260.966 Thread 0x000001df5652df90 Thread exited: 0x000001df5652df90
Event: 4270.439 Thread 0x000001df5309ed00 Thread exited: 0x000001df5309ed00
Event: 4270.439 Thread 0x000001df5652fc70 Thread exited: 0x000001df5652fc70
Event: 4330.444 Thread 0x000001df56533630 Thread exited: 0x000001df56533630
Event: 4396.990 Thread 0x000001df5652fc70 Thread added: 0x000001df5652fc70
Event: 4397.088 Thread 0x000001df56530fb0 Thread added: 0x000001df56530fb0
Event: 4398.065 Thread 0x000001df5652df90 Thread added: 0x000001df5652df90
Event: 4398.065 Thread 0x000001df565344a0 Thread added: 0x000001df565344a0
Event: 4398.065 Thread 0x000001df56531e20 Thread added: 0x000001df56531e20
Event: 4398.148 Thread 0x000001df56532c90 Thread added: 0x000001df56532c90
Event: 4398.148 Thread 0x000001df56533160 Thread added: 0x000001df56533160
Event: 4398.933 Thread 0x000001df56533b00 Thread added: 0x000001df56533b00


Dynamic libraries:
0x00007ff72d560000 - 0x00007ff72d56e000 	c:\Users\carlos m rios\.vscode\extensions\redhat.java-1.16.0-win32-x64\jre\17.0.6-win32-x86_64\bin\java.exe
0x00007ff8965e0000 - 0x00007ff896843000 	C:\WINDOWS\SYSTEM32\ntdll.dll
0x00007ff894930000 - 0x00007ff8949f8000 	C:\WINDOWS\System32\KERNEL32.DLL
0x00007ff893f00000 - 0x00007ff8942b2000 	C:\WINDOWS\System32\KERNELBASE.dll
0x00007ff893c80000 - 0x00007ff893dcb000 	C:\WINDOWS\System32\ucrtbase.dll
0x00007ff866ac0000 - 0x00007ff866ad7000 	c:\Users\carlos m rios\.vscode\extensions\redhat.java-1.16.0-win32-x64\jre\17.0.6-win32-x86_64\bin\jli.dll
0x00007ff895630000 - 0x00007ff8957f8000 	C:\WINDOWS\System32\USER32.dll
0x00007ff8939b0000 - 0x00007ff8939d7000 	C:\WINDOWS\System32\win32u.dll
0x00007ff894f70000 - 0x00007ff894f9a000 	C:\WINDOWS\System32\GDI32.dll
0x00007ff8939e0000 - 0x00007ff893b0b000 	C:\WINDOWS\System32\gdi32full.dll
0x00007ff893bd0000 - 0x00007ff893c73000 	C:\WINDOWS\System32\msvcp_win.dll
0x00007ff8661e0000 - 0x00007ff8661f9000 	c:\Users\carlos m rios\.vscode\extensions\redhat.java-1.16.0-win32-x64\jre\17.0.6-win32-x86_64\bin\VCRUNTIME140.dll
0x00007ff879720000 - 0x00007ff8799b0000 	C:\WINDOWS\WinSxS\amd64_microsoft.windows.common-controls_6595b64144ccf1df_6.0.26100.2454_none_3e0b68a2e331ad60\COMCTL32.dll
0x00007ff895b10000 - 0x00007ff895bb9000 	C:\WINDOWS\System32\msvcrt.dll
0x00007ff8947e0000 - 0x00007ff89480f000 	C:\WINDOWS\System32\IMM32.DLL
0x00007ff866ec0000 - 0x00007ff866ecc000 	c:\Users\carlos m rios\.vscode\extensions\redhat.java-1.16.0-win32-x64\jre\17.0.6-win32-x86_64\bin\vcruntime140_1.dll
0x00007ff821790000 - 0x00007ff821821000 	c:\Users\carlos m rios\.vscode\extensions\redhat.java-1.16.0-win32-x64\jre\17.0.6-win32-x86_64\bin\msvcp140.dll
0x00007ff820b40000 - 0x00007ff821787000 	c:\Users\carlos m rios\.vscode\extensions\redhat.java-1.16.0-win32-x64\jre\17.0.6-win32-x86_64\bin\server\jvm.dll
0x00007ff895880000 - 0x00007ff895934000 	C:\WINDOWS\System32\ADVAPI32.dll
0x00007ff8964f0000 - 0x00007ff896596000 	C:\WINDOWS\System32\sechost.dll
0x00007ff895490000 - 0x00007ff8955a6000 	C:\WINDOWS\System32\RPCRT4.dll
0x00007ff879050000 - 0x00007ff87905a000 	C:\WINDOWS\SYSTEM32\WSOCK32.dll
0x00007ff895800000 - 0x00007ff895874000 	C:\WINDOWS\System32\WS2_32.dll
0x00007ff88b5f0000 - 0x00007ff88b626000 	C:\WINDOWS\SYSTEM32\WINMM.dll
0x00007ff88b440000 - 0x00007ff88b44b000 	C:\WINDOWS\SYSTEM32\VERSION.dll
0x00007ff8927f0000 - 0x00007ff89280a000 	C:\WINDOWS\SYSTEM32\kernel.appcore.dll
0x00007ff866c60000 - 0x00007ff866c6a000 	c:\Users\carlos m rios\.vscode\extensions\redhat.java-1.16.0-win32-x64\jre\17.0.6-win32-x86_64\bin\jimage.dll
0x00007ff88c3b0000 - 0x00007ff88c5f1000 	C:\WINDOWS\SYSTEM32\DBGHELP.DLL
0x00007ff895100000 - 0x00007ff89547e000 	C:\WINDOWS\System32\combase.dll
0x00007ff894e90000 - 0x00007ff894f66000 	C:\WINDOWS\System32\OLEAUT32.dll
0x00007ff879d70000 - 0x00007ff879da9000 	C:\WINDOWS\SYSTEM32\dbgcore.DLL
0x00007ff893dd0000 - 0x00007ff893e69000 	C:\WINDOWS\System32\bcryptPrimitives.dll
0x00007ff866b70000 - 0x00007ff866b7e000 	c:\Users\carlos m rios\.vscode\extensions\redhat.java-1.16.0-win32-x64\jre\17.0.6-win32-x86_64\bin\instrument.dll
0x00007ff865d00000 - 0x00007ff865d25000 	c:\Users\carlos m rios\.vscode\extensions\redhat.java-1.16.0-win32-x64\jre\17.0.6-win32-x86_64\bin\java.dll
0x00007ff864ba0000 - 0x00007ff864bb8000 	c:\Users\carlos m rios\.vscode\extensions\redhat.java-1.16.0-win32-x64\jre\17.0.6-win32-x86_64\bin\zip.dll
0x00007ff895de0000 - 0x00007ff8964e1000 	C:\WINDOWS\System32\SHELL32.dll
0x00007ff8916b0000 - 0x00007ff891ee1000 	C:\WINDOWS\SYSTEM32\windows.storage.dll
0x00007ff894850000 - 0x00007ff89492a000 	C:\WINDOWS\System32\SHCORE.dll
0x00007ff8950a0000 - 0x00007ff8950fd000 	C:\WINDOWS\System32\shlwapi.dll
0x00007ff8938c0000 - 0x00007ff8938ee000 	C:\WINDOWS\SYSTEM32\profapi.dll
0x00007ff864b10000 - 0x00007ff864b29000 	C:\Users\carlos m rios\.vscode\extensions\redhat.java-1.16.0-win32-x64\jre\17.0.6-win32-x86_64\bin\net.dll
0x00007ff88c600000 - 0x00007ff88c726000 	C:\WINDOWS\SYSTEM32\WINHTTP.dll
0x00007ff892cf0000 - 0x00007ff892d58000 	C:\WINDOWS\system32\mswsock.dll
0x00007ff8608f0000 - 0x00007ff860905000 	C:\Users\carlos m rios\.vscode\extensions\redhat.java-1.16.0-win32-x64\jre\17.0.6-win32-x86_64\bin\nio.dll
0x00007ff866300000 - 0x00007ff866310000 	c:\Users\carlos m rios\.vscode\extensions\redhat.java-1.16.0-win32-x64\jre\17.0.6-win32-x86_64\bin\verify.dll
0x00007ff822bd0000 - 0x00007ff822c0e000 	C:\Users\carlos m rios\AppData\Roaming\Code\User\globalStorage\redhat.java\1.16.0\config_win\org.eclipse.equinox.launcher\org.eclipse.equinox.launcher.win32.win32.x86_64_1.2.700.v20221108-1024\eclipse_11801.dll
0x00007ff895970000 - 0x00007ff895b09000 	C:\WINDOWS\System32\ole32.dll
0x00007ff892f90000 - 0x00007ff892fac000 	C:\WINDOWS\SYSTEM32\CRYPTSP.dll
0x00007ff892750000 - 0x00007ff892788000 	C:\WINDOWS\system32\rsaenh.dll
0x00007ff892d90000 - 0x00007ff892dbb000 	C:\WINDOWS\SYSTEM32\USERENV.dll
0x00007ff893160000 - 0x00007ff893186000 	C:\WINDOWS\SYSTEM32\bcrypt.dll
0x00007ff892fb0000 - 0x00007ff892fbc000 	C:\WINDOWS\SYSTEM32\CRYPTBASE.dll
0x00007ff892240000 - 0x00007ff892272000 	C:\WINDOWS\SYSTEM32\IPHLPAPI.DLL
0x00007ff895940000 - 0x00007ff89594a000 	C:\WINDOWS\System32\NSI.dll
0x00007ff88c240000 - 0x00007ff88c25e000 	C:\WINDOWS\SYSTEM32\dhcpcsvc6.DLL
0x00007ff88c210000 - 0x00007ff88c235000 	C:\WINDOWS\SYSTEM32\dhcpcsvc.DLL
0x00007ff8922e0000 - 0x00007ff892405000 	C:\WINDOWS\SYSTEM32\DNSAPI.dll
0x00007ff81e670000 - 0x00007ff81e6b5000 	C:\Users\carlos m rios\AppData\Local\Temp\jna--798898222\jna2016739250013044153.dll
0x00007ff8947d0000 - 0x00007ff8947d8000 	C:\WINDOWS\System32\PSAPI.DLL
0x00007ff88daa0000 - 0x00007ff88daae000 	C:\Users\carlos m rios\.vscode\extensions\redhat.java-1.16.0-win32-x64\jre\17.0.6-win32-x86_64\bin\sunmscapi.dll
0x00007ff8942c0000 - 0x00007ff894436000 	C:\WINDOWS\System32\CRYPT32.dll
0x00007ff893120000 - 0x00007ff893150000 	C:\WINDOWS\SYSTEM32\ncrypt.dll
0x00007ff8930d0000 - 0x00007ff89310f000 	C:\WINDOWS\SYSTEM32\NTASN1.dll
0x00007ff892910000 - 0x00007ff892945000 	C:\WINDOWS\SYSTEM32\ntmarta.dll
0x00007ff87ed40000 - 0x00007ff87ed4b000 	C:\Windows\System32\rasadhlp.dll
0x00007ff88b9b0000 - 0x00007ff88ba35000 	C:\WINDOWS\System32\fwpuclnt.dll

dbghelp: loaded successfully - version: 4.0.5 - missing functions: none
symbol engine: initialized successfully - sym options: 0x614 - pdb path: .;c:\Users\carlos m rios\.vscode\extensions\redhat.java-1.16.0-win32-x64\jre\17.0.6-win32-x86_64\bin;C:\WINDOWS\SYSTEM32;C:\WINDOWS\WinSxS\amd64_microsoft.windows.common-controls_6595b64144ccf1df_6.0.26100.2454_none_3e0b68a2e331ad60;c:\Users\carlos m rios\.vscode\extensions\redhat.java-1.16.0-win32-x64\jre\17.0.6-win32-x86_64\bin\server;C:\Users\carlos m rios\AppData\Roaming\Code\User\globalStorage\redhat.java\1.16.0\config_win\org.eclipse.equinox.launcher\org.eclipse.equinox.launcher.win32.win32.x86_64_1.2.700.v20221108-1024;C:\Users\carlos m rios\AppData\Local\Temp\jna--798898222

VM Arguments:
jvm_args: --add-modules=ALL-SYSTEM --add-opens=java.base/java.util=ALL-UNNAMED --add-opens=java.base/java.lang=ALL-UNNAMED --add-opens=java.base/sun.nio.fs=ALL-UNNAMED -Declipse.application=org.eclipse.jdt.ls.core.id1 -Dosgi.bundles.defaultStartLevel=4 -Declipse.product=org.eclipse.jdt.ls.core.product -Djava.import.generatesMetadataFilesAtProjectRoot=false -Dfile.encoding=utf8 -XX:+UseParallelGC -XX:GCTimeRatio=4 -XX:AdaptiveSizePolicyWeight=90 -Dsun.zip.disableMemoryMapping=true -Xmx1G -Xms100m -Xlog:disable -javaagent:c:\Users\carlos m rios\.vscode\extensions\redhat.java-1.16.0-win32-x64\lombok\lombok-1.18.24.jar -XX:+HeapDumpOnOutOfMemoryError -XX:HeapDumpPath=c:\Users\carlos m rios\AppData\Roaming\Code\User\workspaceStorage\68c4cc7567118e274035dfd6b4c39cb1\redhat.java 
java_command: c:\Users\carlos m rios\.vscode\extensions\redhat.java-1.16.0-win32-x64\server\plugins\org.eclipse.equinox.launcher_1.6.400.v20210924-0641.jar -configuration c:\Users\carlos m rios\AppData\Roaming\Code\User\globalStorage\redhat.java\1.16.0\config_win -data c:\Users\carlos m rios\AppData\Roaming\Code\User\workspaceStorage\68c4cc7567118e274035dfd6b4c39cb1\redhat.java\jdt_ws
java_class_path (initial): c:\Users\carlos m rios\.vscode\extensions\redhat.java-1.16.0-win32-x64\server\plugins\org.eclipse.equinox.launcher_1.6.400.v20210924-0641.jar
Launcher Type: SUN_STANDARD

[Global flags]
    uintx AdaptiveSizePolicyWeight                 = 90                                        {product} {command line}
     intx CICompilerCount                          = 3                                         {product} {ergonomic}
    uintx GCTimeRatio                              = 4                                         {product} {command line}
     bool HeapDumpOnOutOfMemoryError               = true                                   {manageable} {command line}
    ccstr HeapDumpPath                             = c:\Users\carlos m rios\AppData\Roaming\Code\User\workspaceStorage\68c4cc7567118e274035dfd6b4c39cb1\redhat.java         {manageable} {command line}
   size_t InitialHeapSize                          = 104857600                                 {product} {command line}
   size_t MaxHeapSize                              = 1073741824                                {product} {command line}
   size_t MaxNewSize                               = 357564416                                 {product} {ergonomic}
   size_t MinHeapDeltaBytes                        = 524288                                    {product} {ergonomic}
   size_t MinHeapSize                              = 104857600                                 {product} {command line}
   size_t NewSize                                  = 34603008                                  {product} {ergonomic}
    uintx NonNMethodCodeHeapSize                   = 5832780                                {pd product} {ergonomic}
    uintx NonProfiledCodeHeapSize                  = 122912730                              {pd product} {ergonomic}
   size_t OldSize                                  = 70254592                                  {product} {ergonomic}
    uintx ProfiledCodeHeapSize                     = 122912730                              {pd product} {ergonomic}
    uintx ReservedCodeCacheSize                    = 251658240                              {pd product} {ergonomic}
     bool SegmentedCodeCache                       = true                                      {product} {ergonomic}
   size_t SoftMaxHeapSize                          = 1073741824                             {manageable} {ergonomic}
     bool UseCompressedClassPointers               = true                           {product lp64_product} {ergonomic}
     bool UseCompressedOops                        = true                           {product lp64_product} {ergonomic}
     bool UseLargePagesIndividualAllocation        = false                                  {pd product} {ergonomic}
     bool UseParallelGC                            = true                                      {product} {command line}

Logging:
Log output configuration:
 #0: stdout all=off uptime,level,tags
 #1: stderr all=off uptime,level,tags

Environment Variables:
PATH=C:\Program Files\Common Files\Oracle\Java\javapath;C:\Program Files\Eclipse Adoptium\jdk-17.0.7.7-hotspot\bin;C:\WINDOWS\system32;C:\WINDOWS;C:\WINDOWS\System32\Wbem;C:\WINDOWS\System32\WindowsPowerShell\v1.0\;C:\WINDOWS\System32\OpenSSH\;C:\Program Files\nodejs\;C:\Program Files\Git\cmd;C:\Program Files\Git\mingw64\bin;C:\Program Files\Git\usr\bin;C:\ProgramData\chocolatey\bin;C:\xampp\php;C:\composer;C:\workspace\apache-maven-3.9.9\bin;C:\Users\carlos m rios\AppData\Local\Programs\Python\Python312\Scripts\;C:\Users\carlos m rios\AppData\Local\Programs\Python\Python312\;C:\Users\carlos m rios\AppData\Local\Microsoft\WindowsApps;;C:\Users\carlos m rios\AppData\Local\Programs\Microsoft VS Code\bin;C:\Users\carlos m rios\AppData\Roaming\npm;C:\Users\carlos m rios\AppData\Roaming\Composer\vendor\bin;C:\Users\carlos m rios\AppData\Local\Programs\Hyper\resources\bin
USERNAME=carlos m rios
OS=Windows_NT
PROCESSOR_IDENTIFIER=AMD64 Family 23 Model 24 Stepping 1, AuthenticAMD
TMP=C:\Users\carlos m rios\AppData\Local\Temp
TEMP=C:\Users\carlos m rios\AppData\Local\Temp



---------------  S Y S T E M  ---------------

OS:
 Windows 11 , 64 bit Build 26100 (10.0.26100.2454)
OS uptime: 0 days 1:20 hours
Hyper-V role detected

CPU: total 4 (initial active 4) (4 cores per cpu, 2 threads per core) family 23 model 24 stepping 1 microcode 0x8108109, cx8, cmov, fxsr, ht, mmx, 3dnowpref, sse, sse2, sse3, ssse3, sse4a, sse4.1, sse4.2, popcnt, lzcnt, tsc, tscinvbit, avx, avx2, aes, clmul, bmi1, bmi2, adx, sha, fma, vzeroupper, clflush, clflushopt, hv

Memory: 4k page, system-wide physical 6059M (744M free)
TotalPageFile size 12715M (AvailPageFile size 2226M)
current process WorkingSet (physical memory assigned to process): 316M, peak: 373M
current process commit charge ("private bytes"): 378M, peak: 429M

vm_info: OpenJDK 64-Bit Server VM (17.0.6+10) for windows-amd64 JRE (17.0.6+10), built on Jan 18 2023 10:08:59 by "temurin" with MS VC++ 16.7 (VS2019)

END.
